[0.038s] Invoking command in '/home/mxh/dev_ws/src/my_bot/build/my_bot': CMAKE_PREFIX_PATH=${CMAKE_PREFIX_PATH}:/opt/ros/humble /usr/bin/cmake --build /home/mxh/dev_ws/src/my_bot/build/my_bot -- -j16 -l16
[0.133s] -- Found ament_cmake: 1.3.14 (/opt/ros/humble/share/ament_cmake/cmake)
[0.362s] -- Override CMake install command with custom implementation using symlinks instead of copying resources
[0.395s] -- Found ament_lint_auto: 0.12.15 (/opt/ros/humble/share/ament_lint_auto/cmake)
[0.513s] -- Added test 'copyright' to check source files copyright and LICENSE
[0.641s] -- Added test 'cppcheck' to perform static code analysis on C / C++ code
[0.641s] -- Configured cppcheck include dirs: 
[0.641s] -- Configured cppcheck exclude dirs and/or files: 
[0.736s] -- Added test 'cpplint' to check C / C++ code against the Google style
[0.736s] -- Configured cpplint exclude dirs and/or files: 
[0.752s] -- Added test 'flake8' to check Python code syntax and style conventions
[0.777s] -- Added test 'lint_cmake' to check CMake code style
[0.792s] -- Added test 'pep257' to check Python code against some of the docstring style conventions in PEP 257
[0.884s] -- Added test 'uncrustify' to check C / C++ code style
[0.884s] -- Configured uncrustify additional arguments: 
[0.899s] -- Added test 'xmllint' to check XML markup files
[0.902s] -- Configuring done
[0.913s] -- Generating done
[0.916s] -- Build files have been written to: /home/mxh/dev_ws/src/my_bot/build/my_bot
[0.963s] Invoked command in '/home/mxh/dev_ws/src/my_bot/build/my_bot' returned '0': CMAKE_PREFIX_PATH=${CMAKE_PREFIX_PATH}:/opt/ros/humble /usr/bin/cmake --build /home/mxh/dev_ws/src/my_bot/build/my_bot -- -j16 -l16
[0.983s] Invoking command in '/home/mxh/dev_ws/src/my_bot/build/my_bot': CMAKE_PREFIX_PATH=${CMAKE_PREFIX_PATH}:/opt/ros/humble /usr/bin/cmake --install /home/mxh/dev_ws/src/my_bot/build/my_bot
[0.997s] -- Install configuration: ""
[0.998s] -- Execute custom install script
[0.999s] -- Up-to-date symlink: /home/mxh/dev_ws/src/my_bot/install/my_bot/share/my_bot/config/empty.yaml
[1.000s] -- Up-to-date symlink: /home/mxh/dev_ws/src/my_bot/install/my_bot/share/my_bot/description/gazebo_control.xacro
[1.000s] -- Up-to-date symlink: /home/mxh/dev_ws/src/my_bot/install/my_bot/share/my_bot/description/inertial_macros.xacro
[1.001s] -- Up-to-date symlink: /home/mxh/dev_ws/src/my_bot/install/my_bot/share/my_bot/description/lidar.xacro
[1.001s] -- Up-to-date symlink: /home/mxh/dev_ws/src/my_bot/install/my_bot/share/my_bot/description/robot.urdf.xacro
[1.002s] -- Up-to-date symlink: /home/mxh/dev_ws/src/my_bot/install/my_bot/share/my_bot/description/robot_core.xacro
[1.002s] -- Up-to-date symlink: /home/mxh/dev_ws/src/my_bot/install/my_bot/share/my_bot/launch/launch_sim.launch.py
[1.003s] -- Up-to-date symlink: /home/mxh/dev_ws/src/my_bot/install/my_bot/share/my_bot/launch/rsp.launch.py
[1.003s] -- Up-to-date symlink: /home/mxh/dev_ws/src/my_bot/install/my_bot/share/my_bot/worlds/empty.world
[1.004s] -- Up-to-date symlink: /home/mxh/dev_ws/src/my_bot/install/my_bot/share/my_bot/worlds/obstacle_course.world
[1.005s] -- Up-to-date symlink: /home/mxh/dev_ws/src/my_bot/install/my_bot/share/ament_index/resource_index/package_run_dependencies/my_bot
[1.006s] -- Up-to-date symlink: /home/mxh/dev_ws/src/my_bot/install/my_bot/share/ament_index/resource_index/parent_prefix_path/my_bot
[1.006s] -- Up-to-date symlink: /home/mxh/dev_ws/src/my_bot/install/my_bot/share/my_bot/environment/ament_prefix_path.sh
[1.007s] -- Up-to-date symlink: /home/mxh/dev_ws/src/my_bot/install/my_bot/share/my_bot/environment/ament_prefix_path.dsv
[1.007s] -- Up-to-date symlink: /home/mxh/dev_ws/src/my_bot/install/my_bot/share/my_bot/environment/path.sh
[1.007s] -- Up-to-date symlink: /home/mxh/dev_ws/src/my_bot/install/my_bot/share/my_bot/environment/path.dsv
[1.008s] -- Up-to-date symlink: /home/mxh/dev_ws/src/my_bot/install/my_bot/share/my_bot/local_setup.bash
[1.008s] -- Up-to-date symlink: /home/mxh/dev_ws/src/my_bot/install/my_bot/share/my_bot/local_setup.sh
[1.009s] -- Up-to-date symlink: /home/mxh/dev_ws/src/my_bot/install/my_bot/share/my_bot/local_setup.zsh
[1.009s] -- Up-to-date symlink: /home/mxh/dev_ws/src/my_bot/install/my_bot/share/my_bot/local_setup.dsv
[1.010s] -- Symlinking: /home/mxh/dev_ws/src/my_bot/install/my_bot/share/my_bot/package.dsv
[1.029s] -- Up-to-date symlink: /home/mxh/dev_ws/src/my_bot/install/my_bot/share/ament_index/resource_index/packages/my_bot
[1.029s] -- Up-to-date symlink: /home/mxh/dev_ws/src/my_bot/install/my_bot/share/my_bot/cmake/my_botConfig.cmake
[1.029s] -- Up-to-date symlink: /home/mxh/dev_ws/src/my_bot/install/my_bot/share/my_bot/cmake/my_botConfig-version.cmake
[1.030s] -- Up-to-date symlink: /home/mxh/dev_ws/src/my_bot/install/my_bot/share/my_bot/package.xml
[1.034s] Invoked command in '/home/mxh/dev_ws/src/my_bot/build/my_bot' returned '0': CMAKE_PREFIX_PATH=${CMAKE_PREFIX_PATH}:/opt/ros/humble /usr/bin/cmake --install /home/mxh/dev_ws/src/my_bot/build/my_bot
