[0.019s] Invoking command in '/home/mxh/dev_ws/src/my_bot/build/my_bot': CMAKE_PREFIX_PATH=${CMAKE_PREFIX_PATH}:/opt/ros/humble /usr/bin/cmake --build /home/mxh/dev_ws/src/my_bot/build/my_bot -- -j16 -l16
[0.090s] Invoked command in '/home/mxh/dev_ws/src/my_bot/build/my_bot' returned '0': CMAKE_PREFIX_PATH=${CMAKE_PREFIX_PATH}:/opt/ros/humble /usr/bin/cmake --build /home/mxh/dev_ws/src/my_bot/build/my_bot -- -j16 -l16
[0.112s] Invoking command in '/home/mxh/dev_ws/src/my_bot/build/my_bot': CMAKE_PREFIX_PATH=${CMAKE_PREFIX_PATH}:/opt/ros/humble /usr/bin/cmake --install /home/mxh/dev_ws/src/my_bot/build/my_bot
[0.127s] -- Install configuration: ""
[0.129s] -- Execute custom install script
[0.130s] -- Up-to-date symlink: /home/mxh/dev_ws/src/my_bot/install/my_bot/share/my_bot/config/empty.yaml
[0.131s] -- Up-to-date symlink: /home/mxh/dev_ws/src/my_bot/install/my_bot/share/my_bot/description/camera.xacro
[0.131s] -- Up-to-date symlink: /home/mxh/dev_ws/src/my_bot/install/my_bot/share/my_bot/description/gazebo_control.xacro
[0.132s] -- Up-to-date symlink: /home/mxh/dev_ws/src/my_bot/install/my_bot/share/my_bot/description/inertial_macros.xacro
[0.132s] -- Up-to-date symlink: /home/mxh/dev_ws/src/my_bot/install/my_bot/share/my_bot/description/lidar.xacro
[0.132s] -- Up-to-date symlink: /home/mxh/dev_ws/src/my_bot/install/my_bot/share/my_bot/description/robot.urdf.xacro
[0.133s] -- Up-to-date symlink: /home/mxh/dev_ws/src/my_bot/install/my_bot/share/my_bot/description/robot_core.xacro
[0.134s] -- Up-to-date symlink: /home/mxh/dev_ws/src/my_bot/install/my_bot/share/my_bot/launch/launch_sim.launch.py
[0.134s] -- Up-to-date symlink: /home/mxh/dev_ws/src/my_bot/install/my_bot/share/my_bot/launch/rsp.launch.py
[0.135s] -- Up-to-date symlink: /home/mxh/dev_ws/src/my_bot/install/my_bot/share/my_bot/worlds/empty.world
[0.135s] -- Symlinking: /home/mxh/dev_ws/src/my_bot/install/my_bot/share/my_bot/worlds/myworld.sdf
[0.151s] -- Up-to-date symlink: /home/mxh/dev_ws/src/my_bot/install/my_bot/share/my_bot/worlds/obstacles
[0.151s] -- Up-to-date symlink: /home/mxh/dev_ws/src/my_bot/install/my_bot/share/ament_index/resource_index/package_run_dependencies/my_bot
[0.152s] -- Up-to-date symlink: /home/mxh/dev_ws/src/my_bot/install/my_bot/share/ament_index/resource_index/parent_prefix_path/my_bot
[0.153s] -- Up-to-date symlink: /home/mxh/dev_ws/src/my_bot/install/my_bot/share/my_bot/environment/ament_prefix_path.sh
[0.153s] -- Up-to-date symlink: /home/mxh/dev_ws/src/my_bot/install/my_bot/share/my_bot/environment/ament_prefix_path.dsv
[0.154s] -- Up-to-date symlink: /home/mxh/dev_ws/src/my_bot/install/my_bot/share/my_bot/environment/path.sh
[0.154s] -- Up-to-date symlink: /home/mxh/dev_ws/src/my_bot/install/my_bot/share/my_bot/environment/path.dsv
[0.155s] -- Up-to-date symlink: /home/mxh/dev_ws/src/my_bot/install/my_bot/share/my_bot/local_setup.bash
[0.155s] -- Up-to-date symlink: /home/mxh/dev_ws/src/my_bot/install/my_bot/share/my_bot/local_setup.sh
[0.155s] -- Up-to-date symlink: /home/mxh/dev_ws/src/my_bot/install/my_bot/share/my_bot/local_setup.zsh
[0.156s] -- Up-to-date symlink: /home/mxh/dev_ws/src/my_bot/install/my_bot/share/my_bot/local_setup.dsv
[0.156s] -- Symlinking: /home/mxh/dev_ws/src/my_bot/install/my_bot/share/my_bot/package.dsv
[0.174s] -- Up-to-date symlink: /home/mxh/dev_ws/src/my_bot/install/my_bot/share/ament_index/resource_index/packages/my_bot
[0.174s] -- Up-to-date symlink: /home/mxh/dev_ws/src/my_bot/install/my_bot/share/my_bot/cmake/my_botConfig.cmake
[0.175s] -- Up-to-date symlink: /home/mxh/dev_ws/src/my_bot/install/my_bot/share/my_bot/cmake/my_botConfig-version.cmake
[0.175s] -- Up-to-date symlink: /home/mxh/dev_ws/src/my_bot/install/my_bot/share/my_bot/package.xml
[0.179s] Invoked command in '/home/mxh/dev_ws/src/my_bot/build/my_bot' returned '0': CMAKE_PREFIX_PATH=${CMAKE_PREFIX_PATH}:/opt/ros/humble /usr/bin/cmake --install /home/mxh/dev_ws/src/my_bot/build/my_bot
