[0.044s] Invoking command in '/home/mxh/dev_ws/src/my_bot/build/my_bot': CMAKE_PREFIX_PATH=${CMAKE_PREFIX_PATH}:/opt/ros/humble /usr/bin/cmake /home/mxh/dev_ws/src/my_bot -DAMENT_CMAKE_SYMLINK_INSTALL=1 -DCMAKE_INSTALL_PREFIX=/home/mxh/dev_ws/src/my_bot/install/my_bot
[0.486s] -- The C compiler identification is GNU 11.4.0
[1.055s] -- The CXX compiler identification is GNU 11.4.0
[1.356s] -- Detecting C compiler ABI info
[1.598s] -- Detecting C compiler ABI info - done
[1.619s] -- Check for working C compiler: /usr/bin/cc - skipped
[1.620s] -- Detecting C compile features
[1.621s] -- Detecting C compile features - done
[1.633s] -- Detecting CXX compiler ABI info
[1.884s] -- Detecting CXX compiler ABI info - done
[1.895s] -- Check for working CXX compiler: /usr/bin/c++ - skipped
[1.895s] -- Detecting CXX compile features
[1.896s] -- Detecting CXX compile features - done
[1.921s] -- Found ament_cmake: 1.3.14 (/opt/ros/humble/share/ament_cmake/cmake)
[2.177s] -- Found Python3: /usr/bin/python3 (found version "3.10.12") found components: Interpreter 
[2.289s] -- Override CMake install command with custom implementation using symlinks instead of copying resources
[2.369s] -- Found ament_lint_auto: 0.12.15 (/opt/ros/humble/share/ament_lint_auto/cmake)
[2.519s] -- Added test 'copyright' to check source files copyright and LICENSE
[2.556s] -- Added test 'cppcheck' to perform static code analysis on C / C++ code
[2.556s] -- Configured cppcheck include dirs: 
[2.556s] -- Configured cppcheck exclude dirs and/or files: 
[2.582s] -- Added test 'cpplint' to check C / C++ code against the Google style
[2.582s] -- Configured cpplint exclude dirs and/or files: 
[2.588s] -- Added test 'flake8' to check Python code syntax and style conventions
[2.597s] -- Added test 'lint_cmake' to check CMake code style
[2.602s] -- Added test 'pep257' to check Python code against some of the docstring style conventions in PEP 257
[2.631s] -- Added test 'uncrustify' to check C / C++ code style
[2.631s] -- Configured uncrustify additional arguments: 
[2.637s] -- Added test 'xmllint' to check XML markup files
[2.642s] -- Configuring done
[2.661s] -- Generating done
[2.670s] -- Build files have been written to: /home/mxh/dev_ws/src/my_bot/build/my_bot
[2.678s] Invoked command in '/home/mxh/dev_ws/src/my_bot/build/my_bot' returned '0': CMAKE_PREFIX_PATH=${CMAKE_PREFIX_PATH}:/opt/ros/humble /usr/bin/cmake /home/mxh/dev_ws/src/my_bot -DAMENT_CMAKE_SYMLINK_INSTALL=1 -DCMAKE_INSTALL_PREFIX=/home/mxh/dev_ws/src/my_bot/install/my_bot
[2.681s] Invoking command in '/home/mxh/dev_ws/src/my_bot/build/my_bot': CMAKE_PREFIX_PATH=${CMAKE_PREFIX_PATH}:/opt/ros/humble /usr/bin/cmake --build /home/mxh/dev_ws/src/my_bot/build/my_bot -- -j16 -l16
[2.753s] Invoked command in '/home/mxh/dev_ws/src/my_bot/build/my_bot' returned '0': CMAKE_PREFIX_PATH=${CMAKE_PREFIX_PATH}:/opt/ros/humble /usr/bin/cmake --build /home/mxh/dev_ws/src/my_bot/build/my_bot -- -j16 -l16
[2.770s] Invoking command in '/home/mxh/dev_ws/src/my_bot/build/my_bot': CMAKE_PREFIX_PATH=${CMAKE_PREFIX_PATH}:/opt/ros/humble /usr/bin/cmake --install /home/mxh/dev_ws/src/my_bot/build/my_bot
[2.780s] -- Install configuration: ""
[2.782s] -- Execute custom install script
[2.786s] -- Symlinking: /home/mxh/dev_ws/src/my_bot/install/my_bot/share/my_bot/config/empty.yaml
[2.802s] -- Symlinking: /home/mxh/dev_ws/src/my_bot/install/my_bot/share/my_bot/description/gazebo_control.xacro
[2.822s] -- Symlinking: /home/mxh/dev_ws/src/my_bot/install/my_bot/share/my_bot/description/inertial_macros.xacro
[2.840s] -- Symlinking: /home/mxh/dev_ws/src/my_bot/install/my_bot/share/my_bot/description/lidar.xacro
[2.856s] -- Symlinking: /home/mxh/dev_ws/src/my_bot/install/my_bot/share/my_bot/description/robot.urdf.xacro
[2.870s] -- Symlinking: /home/mxh/dev_ws/src/my_bot/install/my_bot/share/my_bot/description/robot_core.xacro
[2.886s] -- Symlinking: /home/mxh/dev_ws/src/my_bot/install/my_bot/share/my_bot/launch/launch_sim.launch.py
[2.903s] -- Symlinking: /home/mxh/dev_ws/src/my_bot/install/my_bot/share/my_bot/launch/rsp.launch.py
[2.920s] -- Symlinking: /home/mxh/dev_ws/src/my_bot/install/my_bot/share/my_bot/worlds/empty.world
[2.938s] -- Symlinking: /home/mxh/dev_ws/src/my_bot/install/my_bot/share/my_bot/worlds/obstacle_course.sdf
[2.963s] -- Symlinking: /home/mxh/dev_ws/src/my_bot/install/my_bot/share/ament_index/resource_index/package_run_dependencies/my_bot
[2.991s] -- Symlinking: /home/mxh/dev_ws/src/my_bot/install/my_bot/share/ament_index/resource_index/parent_prefix_path/my_bot
[3.016s] -- Symlinking: /home/mxh/dev_ws/src/my_bot/install/my_bot/share/my_bot/environment/ament_prefix_path.sh
[3.046s] -- Symlinking: /home/mxh/dev_ws/src/my_bot/install/my_bot/share/my_bot/environment/ament_prefix_path.dsv
[3.070s] -- Symlinking: /home/mxh/dev_ws/src/my_bot/install/my_bot/share/my_bot/environment/path.sh
[3.091s] -- Symlinking: /home/mxh/dev_ws/src/my_bot/install/my_bot/share/my_bot/environment/path.dsv
[3.116s] -- Symlinking: /home/mxh/dev_ws/src/my_bot/install/my_bot/share/my_bot/local_setup.bash
[3.142s] -- Symlinking: /home/mxh/dev_ws/src/my_bot/install/my_bot/share/my_bot/local_setup.sh
[3.163s] -- Symlinking: /home/mxh/dev_ws/src/my_bot/install/my_bot/share/my_bot/local_setup.zsh
[3.184s] -- Symlinking: /home/mxh/dev_ws/src/my_bot/install/my_bot/share/my_bot/local_setup.dsv
[3.204s] -- Symlinking: /home/mxh/dev_ws/src/my_bot/install/my_bot/share/my_bot/package.dsv
[3.225s] -- Symlinking: /home/mxh/dev_ws/src/my_bot/install/my_bot/share/ament_index/resource_index/packages/my_bot
[3.251s] -- Symlinking: /home/mxh/dev_ws/src/my_bot/install/my_bot/share/my_bot/cmake/my_botConfig.cmake
[3.271s] -- Symlinking: /home/mxh/dev_ws/src/my_bot/install/my_bot/share/my_bot/cmake/my_botConfig-version.cmake
[3.293s] -- Symlinking: /home/mxh/dev_ws/src/my_bot/install/my_bot/share/my_bot/package.xml
[3.317s] Invoked command in '/home/mxh/dev_ws/src/my_bot/build/my_bot' returned '0': CMAKE_PREFIX_PATH=${CMAKE_PREFIX_PATH}:/opt/ros/humble /usr/bin/cmake --install /home/mxh/dev_ws/src/my_bot/build/my_bot
