[0.400s] DEBUG:colcon:Command line arguments: ['/usr/bin/colcon', 'build', '--symlink-install']
[0.400s] DEBUG:colcon:Parsed command line arguments: Namespace(log_base=None, log_level=None, verb_name='build', build_base='build', install_base='install', merge_install=False, symlink_install=True, test_result_base=None, continue_on_error=False, executor='parallel', parallel_workers=16, event_handlers=None, ignore_user_meta=False, metas=['./colcon.meta'], base_paths=['.'], packages_ignore=None, packages_ignore_regex=None, paths=None, packages_up_to=None, packages_up_to_regex=None, packages_above=None, packages_above_and_dependencies=None, packages_above_depth=None, packages_select_by_dep=None, packages_skip_by_dep=None, packages_skip_up_to=None, packages_select_build_failed=False, packages_skip_build_finished=False, packages_select_test_failures=False, packages_skip_test_passed=False, packages_select=None, packages_skip=None, packages_select_regex=None, packages_skip_regex=None, packages_start=None, packages_end=None, allow_overriding=[], cmake_args=None, cmake_target=None, cmake_target_skip_unavailable=False, cmake_clean_cache=False, cmake_clean_first=False, cmake_force_configure=False, ament_cmake_args=None, catkin_cmake_args=None, catkin_skip_building_tests=False, mixin_files=None, mixin=None, verb_parser=<colcon_mixin.mixin.mixin_argument.MixinArgumentDecorator object at 0x79d74945e140>, verb_extension=<colcon_core.verb.build.BuildVerb object at 0x79d74945da80>, main=<bound method BuildVerb.main of <colcon_core.verb.build.BuildVerb object at 0x79d74945da80>>, mixin_verb=('build',))
[0.812s] Level 1:colcon.colcon_core.package_discovery:discover_packages(colcon_meta) check parameters
[0.812s] Level 1:colcon.colcon_core.package_discovery:discover_packages(recursive) check parameters
[0.812s] Level 1:colcon.colcon_core.package_discovery:discover_packages(ignore) check parameters
[0.812s] Level 1:colcon.colcon_core.package_discovery:discover_packages(path) check parameters
[0.812s] Level 1:colcon.colcon_core.package_discovery:discover_packages(colcon_meta) discover
[0.812s] Level 1:colcon.colcon_core.package_discovery:discover_packages(recursive) discover
[0.812s] INFO:colcon.colcon_core.package_discovery:Crawling recursively for packages in '/home/mxh/dev_ws/src/my_bot'
[0.813s] Level 1:colcon.colcon_core.package_identification:_identify(.) by extensions ['ignore', 'ignore_ament_install']
[0.813s] Level 1:colcon.colcon_core.package_identification:_identify(.) by extension 'ignore'
[0.813s] Level 1:colcon.colcon_core.package_identification:_identify(.) by extension 'ignore_ament_install'
[0.813s] Level 1:colcon.colcon_core.package_identification:_identify(.) by extensions ['colcon_pkg']
[0.813s] Level 1:colcon.colcon_core.package_identification:_identify(.) by extension 'colcon_pkg'
[0.813s] Level 1:colcon.colcon_core.package_identification:_identify(.) by extensions ['colcon_meta']
[0.813s] Level 1:colcon.colcon_core.package_identification:_identify(.) by extension 'colcon_meta'
[0.813s] Level 1:colcon.colcon_core.package_identification:_identify(.) by extensions ['ros']
[0.813s] Level 1:colcon.colcon_core.package_identification:_identify(.) by extension 'ros'
[0.841s] DEBUG:colcon.colcon_core.package_identification:Package '.' with type 'ros.ament_cmake' and name 'my_bot'
[0.841s] Level 1:colcon.colcon_core.package_discovery:discover_packages(recursive) using defaults
[0.841s] Level 1:colcon.colcon_core.package_discovery:discover_packages(ignore) discover
[0.841s] Level 1:colcon.colcon_core.package_discovery:discover_packages(ignore) using defaults
[0.841s] Level 1:colcon.colcon_core.package_discovery:discover_packages(path) discover
[0.841s] Level 1:colcon.colcon_core.package_discovery:discover_packages(path) using defaults
[0.900s] Level 1:colcon.colcon_core.package_discovery:discover_packages(prefix_path) check parameters
[0.900s] Level 1:colcon.colcon_core.package_discovery:discover_packages(prefix_path) discover
[0.908s] DEBUG:colcon.colcon_installed_package_information.package_discovery:Found 1 installed packages in /home/mxh/dev_ws/src/my_bot/install
[0.908s] DEBUG:colcon.colcon_installed_package_information.package_discovery:Found 1 installed packages in /home/mxh/dev_ws/install
[0.910s] DEBUG:colcon.colcon_installed_package_information.package_discovery:Found 3 installed packages in /home/mxh/install
[0.913s] DEBUG:colcon.colcon_installed_package_information.package_discovery:Found 311 installed packages in /opt/ros/humble
[0.915s] Level 1:colcon.colcon_core.package_discovery:discover_packages(prefix_path) using defaults
[1.058s] Level 5:colcon.colcon_core.verb:set package 'my_bot' build argument 'cmake_args' from command line to 'None'
[1.058s] Level 5:colcon.colcon_core.verb:set package 'my_bot' build argument 'cmake_target' from command line to 'None'
[1.059s] Level 5:colcon.colcon_core.verb:set package 'my_bot' build argument 'cmake_target_skip_unavailable' from command line to 'False'
[1.059s] Level 5:colcon.colcon_core.verb:set package 'my_bot' build argument 'cmake_clean_cache' from command line to 'False'
[1.059s] Level 5:colcon.colcon_core.verb:set package 'my_bot' build argument 'cmake_clean_first' from command line to 'False'
[1.059s] Level 5:colcon.colcon_core.verb:set package 'my_bot' build argument 'cmake_force_configure' from command line to 'False'
[1.059s] Level 5:colcon.colcon_core.verb:set package 'my_bot' build argument 'ament_cmake_args' from command line to 'None'
[1.059s] Level 5:colcon.colcon_core.verb:set package 'my_bot' build argument 'catkin_cmake_args' from command line to 'None'
[1.059s] Level 5:colcon.colcon_core.verb:set package 'my_bot' build argument 'catkin_skip_building_tests' from command line to 'False'
[1.059s] DEBUG:colcon.colcon_core.verb:Building package 'my_bot' with the following arguments: {'ament_cmake_args': None, 'build_base': '/home/mxh/dev_ws/src/my_bot/build/my_bot', 'catkin_cmake_args': None, 'catkin_skip_building_tests': False, 'cmake_args': None, 'cmake_clean_cache': False, 'cmake_clean_first': False, 'cmake_force_configure': False, 'cmake_target': None, 'cmake_target_skip_unavailable': False, 'install_base': '/home/mxh/dev_ws/src/my_bot/install/my_bot', 'merge_install': False, 'path': '/home/mxh/dev_ws/src/my_bot', 'symlink_install': True, 'test_result_base': None}
[1.059s] INFO:colcon.colcon_core.executor:Executing jobs using 'parallel' executor
[1.061s] DEBUG:colcon.colcon_parallel_executor.executor.parallel:run_until_complete
[1.061s] INFO:colcon.colcon_ros.task.ament_cmake.build:Building ROS package in '/home/mxh/dev_ws/src/my_bot' with build type 'ament_cmake'
[1.061s] INFO:colcon.colcon_cmake.task.cmake.build:Building CMake package in '/home/mxh/dev_ws/src/my_bot'
[1.077s] INFO:colcon.colcon_core.plugin_system:Skipping extension 'colcon_core.shell.bat': Not used on non-Windows systems
[1.077s] INFO:colcon.colcon_core.shell:Skip shell extension 'powershell' for command environment: Not usable outside of PowerShell
[1.077s] DEBUG:colcon.colcon_core.shell:Skip shell extension 'dsv' for command environment
[1.106s] DEBUG:colcon.colcon_core.event_handler.log_command:Invoking command in '/home/mxh/dev_ws/src/my_bot/build/my_bot': CMAKE_PREFIX_PATH=${CMAKE_PREFIX_PATH}:/opt/ros/humble /usr/bin/cmake --build /home/mxh/dev_ws/src/my_bot/build/my_bot -- -j16 -l16
[1.245s] DEBUG:colcon.colcon_core.event_handler.log_command:Invoked command in '/home/mxh/dev_ws/src/my_bot/build/my_bot' returned '0': CMAKE_PREFIX_PATH=${CMAKE_PREFIX_PATH}:/opt/ros/humble /usr/bin/cmake --build /home/mxh/dev_ws/src/my_bot/build/my_bot -- -j16 -l16
[1.263s] DEBUG:colcon.colcon_core.event_handler.log_command:Invoking command in '/home/mxh/dev_ws/src/my_bot/build/my_bot': CMAKE_PREFIX_PATH=${CMAKE_PREFIX_PATH}:/opt/ros/humble /usr/bin/cmake --install /home/mxh/dev_ws/src/my_bot/build/my_bot
[1.333s] Level 1:colcon.colcon_core.environment:create_environment_scripts_only(my_bot)
[1.334s] DEBUG:colcon.colcon_core.event_handler.log_command:Invoked command in '/home/mxh/dev_ws/src/my_bot/build/my_bot' returned '0': CMAKE_PREFIX_PATH=${CMAKE_PREFIX_PATH}:/opt/ros/humble /usr/bin/cmake --install /home/mxh/dev_ws/src/my_bot/build/my_bot
[1.342s] Level 1:colcon.colcon_core.environment:checking '/home/mxh/dev_ws/src/my_bot/install/my_bot' for CMake module files
[1.343s] Level 1:colcon.colcon_core.environment:checking '/home/mxh/dev_ws/src/my_bot/install/my_bot' for CMake config files
[1.344s] Level 1:colcon.colcon_core.shell:create_environment_hook('my_bot', 'cmake_prefix_path')
[1.344s] INFO:colcon.colcon_core.shell:Creating environment hook '/home/mxh/dev_ws/src/my_bot/install/my_bot/share/my_bot/hook/cmake_prefix_path.ps1'
[1.345s] INFO:colcon.colcon_core.shell:Creating environment descriptor '/home/mxh/dev_ws/src/my_bot/install/my_bot/share/my_bot/hook/cmake_prefix_path.dsv'
[1.346s] INFO:colcon.colcon_core.shell:Creating environment hook '/home/mxh/dev_ws/src/my_bot/install/my_bot/share/my_bot/hook/cmake_prefix_path.sh'
[1.348s] Level 1:colcon.colcon_core.environment:checking '/home/mxh/dev_ws/src/my_bot/install/my_bot/bin'
[1.349s] Level 1:colcon.colcon_core.environment:checking '/home/mxh/dev_ws/src/my_bot/install/my_bot/lib/pkgconfig/my_bot.pc'
[1.349s] Level 1:colcon.colcon_core.environment:checking '/home/mxh/dev_ws/src/my_bot/install/my_bot/lib/python3.10/site-packages'
[1.349s] Level 1:colcon.colcon_core.environment:checking '/home/mxh/dev_ws/src/my_bot/install/my_bot/bin'
[1.350s] INFO:colcon.colcon_core.shell:Creating package script '/home/mxh/dev_ws/src/my_bot/install/my_bot/share/my_bot/package.ps1'
[1.351s] INFO:colcon.colcon_core.shell:Creating package descriptor '/home/mxh/dev_ws/src/my_bot/install/my_bot/share/my_bot/package.dsv'
[1.353s] INFO:colcon.colcon_core.shell:Creating package script '/home/mxh/dev_ws/src/my_bot/install/my_bot/share/my_bot/package.sh'
[1.354s] INFO:colcon.colcon_core.shell:Creating package script '/home/mxh/dev_ws/src/my_bot/install/my_bot/share/my_bot/package.bash'
[1.356s] INFO:colcon.colcon_core.shell:Creating package script '/home/mxh/dev_ws/src/my_bot/install/my_bot/share/my_bot/package.zsh'
[1.357s] Level 1:colcon.colcon_core.environment:create_file_with_runtime_dependencies(/home/mxh/dev_ws/src/my_bot/install/my_bot/share/colcon-core/packages/my_bot)
[1.357s] Level 1:colcon.colcon_core.environment:create_environment_scripts_only(my_bot)
[1.358s] Level 1:colcon.colcon_core.environment:checking '/home/mxh/dev_ws/src/my_bot/install/my_bot' for CMake module files
[1.358s] Level 1:colcon.colcon_core.environment:checking '/home/mxh/dev_ws/src/my_bot/install/my_bot' for CMake config files
[1.359s] Level 1:colcon.colcon_core.shell:create_environment_hook('my_bot', 'cmake_prefix_path')
[1.360s] INFO:colcon.colcon_core.shell:Creating environment hook '/home/mxh/dev_ws/src/my_bot/install/my_bot/share/my_bot/hook/cmake_prefix_path.ps1'
[1.360s] INFO:colcon.colcon_core.shell:Creating environment descriptor '/home/mxh/dev_ws/src/my_bot/install/my_bot/share/my_bot/hook/cmake_prefix_path.dsv'
[1.361s] INFO:colcon.colcon_core.shell:Creating environment hook '/home/mxh/dev_ws/src/my_bot/install/my_bot/share/my_bot/hook/cmake_prefix_path.sh'
[1.364s] Level 1:colcon.colcon_core.environment:checking '/home/mxh/dev_ws/src/my_bot/install/my_bot/bin'
[1.364s] Level 1:colcon.colcon_core.environment:checking '/home/mxh/dev_ws/src/my_bot/install/my_bot/lib/pkgconfig/my_bot.pc'
[1.364s] Level 1:colcon.colcon_core.environment:checking '/home/mxh/dev_ws/src/my_bot/install/my_bot/lib/python3.10/site-packages'
[1.364s] Level 1:colcon.colcon_core.environment:checking '/home/mxh/dev_ws/src/my_bot/install/my_bot/bin'
[1.365s] INFO:colcon.colcon_core.shell:Creating package script '/home/mxh/dev_ws/src/my_bot/install/my_bot/share/my_bot/package.ps1'
[1.366s] INFO:colcon.colcon_core.shell:Creating package descriptor '/home/mxh/dev_ws/src/my_bot/install/my_bot/share/my_bot/package.dsv'
[1.366s] INFO:colcon.colcon_core.shell:Creating package script '/home/mxh/dev_ws/src/my_bot/install/my_bot/share/my_bot/package.sh'
[1.367s] INFO:colcon.colcon_core.shell:Creating package script '/home/mxh/dev_ws/src/my_bot/install/my_bot/share/my_bot/package.bash'
[1.368s] INFO:colcon.colcon_core.shell:Creating package script '/home/mxh/dev_ws/src/my_bot/install/my_bot/share/my_bot/package.zsh'
[1.368s] Level 1:colcon.colcon_core.environment:create_file_with_runtime_dependencies(/home/mxh/dev_ws/src/my_bot/install/my_bot/share/colcon-core/packages/my_bot)
[1.369s] DEBUG:colcon.colcon_parallel_executor.executor.parallel:closing loop
[1.370s] DEBUG:colcon.colcon_parallel_executor.executor.parallel:loop closed
[1.370s] DEBUG:colcon.colcon_parallel_executor.executor.parallel:run_until_complete finished with '0'
[1.371s] DEBUG:colcon.colcon_core.event_reactor:joining thread
[1.416s] INFO:colcon.colcon_core.plugin_system:Skipping extension 'colcon_notification.desktop_notification.notify_send': Could not find 'notify-send'
[1.417s] INFO:colcon.colcon_core.plugin_system:Skipping extension 'colcon_notification.desktop_notification.terminal_notifier': Not used on non-Darwin systems
[1.417s] INFO:colcon.colcon_core.plugin_system:Skipping extension 'colcon_notification.desktop_notification.win32': Not used on non-Windows systems
[1.417s] INFO:colcon.colcon_notification.desktop_notification:Sending desktop notification using 'notify2'
[1.417s] DEBUG:colcon.colcon_notification.desktop_notification.notify2:Failed to initialize notify2: org.freedesktop.DBus.Error.FileNotFound: Failed to connect to socket /run/user/1000/bus: No such file or directory
[1.417s] DEBUG:colcon.colcon_core.event_reactor:joined thread
[1.418s] INFO:colcon.colcon_core.shell:Creating prefix script '/home/mxh/dev_ws/src/my_bot/install/local_setup.ps1'
[1.420s] INFO:colcon.colcon_core.shell:Creating prefix util module '/home/mxh/dev_ws/src/my_bot/install/_local_setup_util_ps1.py'
[1.422s] INFO:colcon.colcon_core.shell:Creating prefix chain script '/home/mxh/dev_ws/src/my_bot/install/setup.ps1'
[1.425s] INFO:colcon.colcon_core.shell:Creating prefix script '/home/mxh/dev_ws/src/my_bot/install/local_setup.sh'
[1.426s] INFO:colcon.colcon_core.shell:Creating prefix util module '/home/mxh/dev_ws/src/my_bot/install/_local_setup_util_sh.py'
[1.427s] INFO:colcon.colcon_core.shell:Creating prefix chain script '/home/mxh/dev_ws/src/my_bot/install/setup.sh'
[1.429s] INFO:colcon.colcon_core.shell:Creating prefix script '/home/mxh/dev_ws/src/my_bot/install/local_setup.bash'
[1.430s] INFO:colcon.colcon_core.shell:Creating prefix chain script '/home/mxh/dev_ws/src/my_bot/install/setup.bash'
[1.432s] INFO:colcon.colcon_core.shell:Creating prefix script '/home/mxh/dev_ws/src/my_bot/install/local_setup.zsh'
[1.433s] INFO:colcon.colcon_core.shell:Creating prefix chain script '/home/mxh/dev_ws/src/my_bot/install/setup.zsh'
