[0.044s] Invoking command in '/home/mxh/dev_ws/src/my_bot/build/my_bot': CMAKE_PREFIX_PATH=${CMAKE_PREFIX_PATH}:/opt/ros/humble /usr/bin/cmake --build /home/mxh/dev_ws/src/my_bot/build/my_bot -- -j16 -l16
[0.182s] Invoked command in '/home/mxh/dev_ws/src/my_bot/build/my_bot' returned '0': CMAKE_PREFIX_PATH=${CMAKE_PREFIX_PATH}:/opt/ros/humble /usr/bin/cmake --build /home/mxh/dev_ws/src/my_bot/build/my_bot -- -j16 -l16
[0.201s] Invoking command in '/home/mxh/dev_ws/src/my_bot/build/my_bot': CMAKE_PREFIX_PATH=${CMAKE_PREFIX_PATH}:/opt/ros/humble /usr/bin/cmake --install /home/mxh/dev_ws/src/my_bot/build/my_bot
[0.215s] -- Install configuration: ""
[0.217s] -- Execute custom install script
[0.218s] -- Up-to-date symlink: /home/mxh/dev_ws/src/my_bot/install/my_bot/share/my_bot/config/empty.yaml
[0.219s] -- Up-to-date symlink: /home/mxh/dev_ws/src/my_bot/install/my_bot/share/my_bot/description/camera.xacro
[0.220s] -- Up-to-date symlink: /home/mxh/dev_ws/src/my_bot/install/my_bot/share/my_bot/description/gazebo_control.xacro
[0.221s] -- Up-to-date symlink: /home/mxh/dev_ws/src/my_bot/install/my_bot/share/my_bot/description/inertial_macros.xacro
[0.221s] -- Up-to-date symlink: /home/mxh/dev_ws/src/my_bot/install/my_bot/share/my_bot/description/lidar.xacro
[0.221s] -- Up-to-date symlink: /home/mxh/dev_ws/src/my_bot/install/my_bot/share/my_bot/description/robot.urdf.xacro
[0.221s] -- Up-to-date symlink: /home/mxh/dev_ws/src/my_bot/install/my_bot/share/my_bot/description/robot_core.xacro
[0.222s] -- Up-to-date symlink: /home/mxh/dev_ws/src/my_bot/install/my_bot/share/my_bot/launch/launch_sim.launch.py
[0.222s] -- Up-to-date symlink: /home/mxh/dev_ws/src/my_bot/install/my_bot/share/my_bot/launch/rsp.launch.py
[0.222s] -- Up-to-date symlink: /home/mxh/dev_ws/src/my_bot/install/my_bot/share/my_bot/worlds/empty.world
[0.223s] -- Up-to-date symlink: /home/mxh/dev_ws/src/my_bot/install/my_bot/share/my_bot/worlds/obstacle_course.world
[0.223s] -- Symlinking: /home/mxh/dev_ws/src/my_bot/install/my_bot/share/my_bot/worlds/obstacles
[0.240s] -- Up-to-date symlink: /home/mxh/dev_ws/src/my_bot/install/my_bot/share/ament_index/resource_index/package_run_dependencies/my_bot
[0.241s] -- Up-to-date symlink: /home/mxh/dev_ws/src/my_bot/install/my_bot/share/ament_index/resource_index/parent_prefix_path/my_bot
[0.242s] -- Up-to-date symlink: /home/mxh/dev_ws/src/my_bot/install/my_bot/share/my_bot/environment/ament_prefix_path.sh
[0.243s] -- Up-to-date symlink: /home/mxh/dev_ws/src/my_bot/install/my_bot/share/my_bot/environment/ament_prefix_path.dsv
[0.243s] -- Up-to-date symlink: /home/mxh/dev_ws/src/my_bot/install/my_bot/share/my_bot/environment/path.sh
[0.244s] -- Up-to-date symlink: /home/mxh/dev_ws/src/my_bot/install/my_bot/share/my_bot/environment/path.dsv
[0.245s] -- Up-to-date symlink: /home/mxh/dev_ws/src/my_bot/install/my_bot/share/my_bot/local_setup.bash
[0.245s] -- Up-to-date symlink: /home/mxh/dev_ws/src/my_bot/install/my_bot/share/my_bot/local_setup.sh
[0.245s] -- Up-to-date symlink: /home/mxh/dev_ws/src/my_bot/install/my_bot/share/my_bot/local_setup.zsh
[0.245s] -- Up-to-date symlink: /home/mxh/dev_ws/src/my_bot/install/my_bot/share/my_bot/local_setup.dsv
[0.246s] -- Symlinking: /home/mxh/dev_ws/src/my_bot/install/my_bot/share/my_bot/package.dsv
[0.266s] -- Up-to-date symlink: /home/mxh/dev_ws/src/my_bot/install/my_bot/share/ament_index/resource_index/packages/my_bot
[0.266s] -- Up-to-date symlink: /home/mxh/dev_ws/src/my_bot/install/my_bot/share/my_bot/cmake/my_botConfig.cmake
[0.267s] -- Up-to-date symlink: /home/mxh/dev_ws/src/my_bot/install/my_bot/share/my_bot/cmake/my_botConfig-version.cmake
[0.268s] -- Up-to-date symlink: /home/mxh/dev_ws/src/my_bot/install/my_bot/share/my_bot/package.xml
[0.271s] Invoked command in '/home/mxh/dev_ws/src/my_bot/build/my_bot' returned '0': CMAKE_PREFIX_PATH=${CMAKE_PREFIX_PATH}:/opt/ros/humble /usr/bin/cmake --install /home/mxh/dev_ws/src/my_bot/build/my_bot
