[0.031s] Invoking command in '/home/mxh/dev_ws/src/my_bot/build/my_bot': CMAKE_PREFIX_PATH=${CMAKE_PREFIX_PATH}:/opt/ros/humble /usr/bin/cmake --build /home/mxh/dev_ws/src/my_bot/build/my_bot -- -j16 -l16
[0.158s] Invoked command in '/home/mxh/dev_ws/src/my_bot/build/my_bot' returned '0': CMAKE_PREFIX_PATH=${CMAKE_PREFIX_PATH}:/opt/ros/humble /usr/bin/cmake --build /home/mxh/dev_ws/src/my_bot/build/my_bot -- -j16 -l16
[0.179s] Invoking command in '/home/mxh/dev_ws/src/my_bot/build/my_bot': CMAKE_PREFIX_PATH=${CMAKE_PREFIX_PATH}:/opt/ros/humble /usr/bin/cmake --install /home/mxh/dev_ws/src/my_bot/build/my_bot
[0.192s] -- Install configuration: ""
[0.193s] -- Execute custom install script
[0.195s] -- Up-to-date symlink: /home/mxh/dev_ws/src/my_bot/install/my_bot/share/my_bot/config/empty.yaml
[0.196s] -- Up-to-date symlink: /home/mxh/dev_ws/src/my_bot/install/my_bot/share/my_bot/description/gazebo_control.xacro
[0.196s] -- Up-to-date symlink: /home/mxh/dev_ws/src/my_bot/install/my_bot/share/my_bot/description/inertial_macros.xacro
[0.197s] -- Up-to-date symlink: /home/mxh/dev_ws/src/my_bot/install/my_bot/share/my_bot/description/lidar.xacro
[0.197s] -- Up-to-date symlink: /home/mxh/dev_ws/src/my_bot/install/my_bot/share/my_bot/description/robot.urdf.xacro
[0.197s] -- Up-to-date symlink: /home/mxh/dev_ws/src/my_bot/install/my_bot/share/my_bot/description/robot_core.xacro
[0.198s] -- Up-to-date symlink: /home/mxh/dev_ws/src/my_bot/install/my_bot/share/my_bot/launch/launch_sim.launch.py
[0.199s] -- Up-to-date symlink: /home/mxh/dev_ws/src/my_bot/install/my_bot/share/my_bot/launch/rsp.launch.py
[0.199s] -- Up-to-date symlink: /home/mxh/dev_ws/src/my_bot/install/my_bot/share/my_bot/worlds/empty.world
[0.200s] -- Up-to-date symlink: /home/mxh/dev_ws/src/my_bot/install/my_bot/share/my_bot/worlds/obstacle_course.sdf
[0.201s] -- Up-to-date symlink: /home/mxh/dev_ws/src/my_bot/install/my_bot/share/ament_index/resource_index/package_run_dependencies/my_bot
[0.202s] -- Up-to-date symlink: /home/mxh/dev_ws/src/my_bot/install/my_bot/share/ament_index/resource_index/parent_prefix_path/my_bot
[0.202s] -- Up-to-date symlink: /home/mxh/dev_ws/src/my_bot/install/my_bot/share/my_bot/environment/ament_prefix_path.sh
[0.203s] -- Up-to-date symlink: /home/mxh/dev_ws/src/my_bot/install/my_bot/share/my_bot/environment/ament_prefix_path.dsv
[0.203s] -- Up-to-date symlink: /home/mxh/dev_ws/src/my_bot/install/my_bot/share/my_bot/environment/path.sh
[0.204s] -- Up-to-date symlink: /home/mxh/dev_ws/src/my_bot/install/my_bot/share/my_bot/environment/path.dsv
[0.204s] -- Up-to-date symlink: /home/mxh/dev_ws/src/my_bot/install/my_bot/share/my_bot/local_setup.bash
[0.205s] -- Up-to-date symlink: /home/mxh/dev_ws/src/my_bot/install/my_bot/share/my_bot/local_setup.sh
[0.205s] -- Up-to-date symlink: /home/mxh/dev_ws/src/my_bot/install/my_bot/share/my_bot/local_setup.zsh
[0.206s] -- Up-to-date symlink: /home/mxh/dev_ws/src/my_bot/install/my_bot/share/my_bot/local_setup.dsv
[0.206s] -- Symlinking: /home/mxh/dev_ws/src/my_bot/install/my_bot/share/my_bot/package.dsv
[0.230s] -- Up-to-date symlink: /home/mxh/dev_ws/src/my_bot/install/my_bot/share/ament_index/resource_index/packages/my_bot
[0.230s] -- Up-to-date symlink: /home/mxh/dev_ws/src/my_bot/install/my_bot/share/my_bot/cmake/my_botConfig.cmake
[0.231s] -- Up-to-date symlink: /home/mxh/dev_ws/src/my_bot/install/my_bot/share/my_bot/cmake/my_botConfig-version.cmake
[0.231s] -- Up-to-date symlink: /home/mxh/dev_ws/src/my_bot/install/my_bot/share/my_bot/package.xml
[0.236s] Invoked command in '/home/mxh/dev_ws/src/my_bot/build/my_bot' returned '0': CMAKE_PREFIX_PATH=${CMAKE_PREFIX_PATH}:/opt/ros/humble /usr/bin/cmake --install /home/mxh/dev_ws/src/my_bot/build/my_bot
